/*C11*/SET SCHEMA PUBLIC
INSERT INTO EVENTS VALUES(4,'2018-11-13 17:34:13.081000','My Event')
COMMIT
DISCONNECT
/*C12*/SET SCHEMA PUBLIC
DISCONNECT
/*C13*/SET SCHEMA PUBLIC
INSERT INTO EVENTS VALUES(5,'2018-11-13 17:34:36.326000','My BirthDay')
COMMIT
INSERT INTO PERSON VALUES(3,24,'Clay','Jenson')
COMMIT
DELETE FROM PERSON WHERE PERSON_ID=3
INSERT INTO PERSON VALUES(3,24,'Clay','Jenson')
INSERT INTO PERSON_EVENT VALUES(3,5)
COMMIT
DISCONNECT
/*C16*/SET SCHEMA PUBLIC
DISCONNECT
/*C15*/SET SCHEMA PUBLIC
DISCONNECT
/*C14*/SET SCHEMA PUBLIC
DISCONNECT
